<?xml version="1.0" encoding="UTF-8"?>
<coverage generated="1601690784007" clover="3.2.0">
  <project timestamp="1601690784007" name="All files">
    <metrics statements="11" coveredstatements="10" conditionals="6" coveredconditionals="1" methods="4" coveredmethods="3" elements="21" coveredelements="14" complexity="0" loc="11" ncloc="11" packages="1" files="2" classes="2"/>
    <file name="linked-list.js" path="/home/jhonatar/code/algorithms-and-data-structure/src/linked-list/linked-list.js">
      <metrics statements="8" coveredstatements="8" conditionals="2" coveredconditionals="1" methods="2" coveredmethods="2"/>
      <line num="5" count="1" type="stmt"/>
      <line num="6" count="1" type="stmt"/>
      <line num="8" count="1" type="stmt"/>
      <line num="14" count="1" type="stmt"/>
      <line num="15" count="1" type="stmt"/>
      <line num="17" count="1" type="cond" truecount="1" falsecount="1"/>
      <line num="18" count="1" type="stmt"/>
      <line num="21" count="1" type="stmt"/>
    </file>
    <file name="node.js" path="/home/jhonatar/code/algorithms-and-data-structure/src/linked-list/node.js">
      <metrics statements="3" coveredstatements="2" conditionals="4" coveredconditionals="0" methods="2" coveredmethods="1"/>
      <line num="4" count="1" type="stmt"/>
      <line num="5" count="1" type="stmt"/>
      <line num="9" count="0" type="cond" truecount="0" falsecount="2"/>
    </file>
  </project>
</coverage>
