{"/home/jhonatar/code/algorithms-and-data-structure/src/linked-list/linked-list.js": {"path":"/home/jhonatar/code/algorithms-and-data-structure/src/linked-list/linked-list.js","statementMap":{"0":{"start":{"line":5,"column":8},"end":{"line":5,"column":25}},"1":{"start":{"line":6,"column":8},"end":{"line":6,"column":25}},"2":{"start":{"line":8,"column":8},"end":{"line":8,"column":20}},"3":{"start":{"line":14,"column":23},"end":{"line":14,"column":48}},"4":{"start":{"line":15,"column":8},"end":{"line":15,"column":29}},"5":{"start":{"line":17,"column":8},"end":{"line":19,"column":9}},"6":{"start":{"line":18,"column":12},"end":{"line":18,"column":33}},"7":{"start":{"line":21,"column":8},"end":{"line":21,"column":20}}},"fnMap":{"0":{"name":"(anonymous_0)","decl":{"start":{"line":4,"column":4},"end":{"line":4,"column":5}},"loc":{"start":{"line":4,"column":17},"end":{"line":10,"column":5}},"line":4},"1":{"name":"(anonymous_1)","decl":{"start":{"line":12,"column":4},"end":{"line":12,"column":5}},"loc":{"start":{"line":12,"column":13},"end":{"line":22,"column":5}},"line":12}},"branchMap":{"0":{"loc":{"start":{"line":17,"column":8},"end":{"line":19,"column":9}},"type":"if","locations":[{"start":{"line":17,"column":8},"end":{"line":19,"column":9}},{"start":{"line":17,"column":8},"end":{"line":19,"column":9}}],"line":17}},"s":{"0":1,"1":1,"2":1,"3":1,"4":1,"5":1,"6":1,"7":1},"f":{"0":1,"1":1},"b":{"0":[1,0]},"_coverageSchema":"1a1c01bbd47fc00a2c39e90264f33305004495a9","hash":"165cb5e24ca00f8ae58b26eebef58f436598d9d5"}
,"/home/jhonatar/code/algorithms-and-data-structure/src/linked-list/node.js": {"path":"/home/jhonatar/code/algorithms-and-data-structure/src/linked-list/node.js","statementMap":{"0":{"start":{"line":4,"column":8},"end":{"line":4,"column":25}},"1":{"start":{"line":5,"column":8},"end":{"line":5,"column":25}},"2":{"start":{"line":9,"column":8},"end":{"line":9,"column":61}}},"fnMap":{"0":{"name":"(anonymous_0)","decl":{"start":{"line":3,"column":4},"end":{"line":3,"column":5}},"loc":{"start":{"line":3,"column":37},"end":{"line":6,"column":5}},"line":3},"1":{"name":"(anonymous_1)","decl":{"start":{"line":8,"column":4},"end":{"line":8,"column":5}},"loc":{"start":{"line":8,"column":22},"end":{"line":10,"column":5}},"line":8}},"branchMap":{"0":{"loc":{"start":{"line":3,"column":16},"end":{"line":3,"column":25}},"type":"default-arg","locations":[{"start":{"line":3,"column":21},"end":{"line":3,"column":25}}],"line":3},"1":{"loc":{"start":{"line":3,"column":27},"end":{"line":3,"column":36}},"type":"default-arg","locations":[{"start":{"line":3,"column":32},"end":{"line":3,"column":36}}],"line":3},"2":{"loc":{"start":{"line":9,"column":15},"end":{"line":9,"column":61}},"type":"cond-expr","locations":[{"start":{"line":9,"column":24},"end":{"line":9,"column":43}},{"start":{"line":9,"column":46},"end":{"line":9,"column":61}}],"line":9}},"s":{"0":1,"1":1,"2":0},"f":{"0":1,"1":0},"b":{"0":[0],"1":[0],"2":[0,0]},"_coverageSchema":"1a1c01bbd47fc00a2c39e90264f33305004495a9","hash":"0f5c9fcb63e7151126d58cc7826b0fb6d740981b"}
}
